Using pre-set license
Built from '2021.1/staging' branch; Version is '2021.1.12f1 (afcadd793de6) revision 11520733'; Using compiler version '192528614'; Build Type 'Release'
OS: 'Windows 10 Home Single Language; OS build 19042.1165; Version 2009; 64bit' Language: 'es' Physical Memory: 10153 MB
BatchMode: 1, IsHumanControllingUs: 0, StartBugReporterOnCrash: 0, Is64bit: 1, IsPro: 0

 COMMAND LINE ARGUMENTS:
C:\Unity\2021.1.12f1\Editor\Unity.exe
-adb2
-batchMode
-noUpm
-name
AssetImportWorker3
-projectPath
C:/Users/HP/Desktop/Unity Proyects/Happy-Bubbles
-logFile
Logs/AssetImportWorker3.log
-srvPort
63118
Successfully changed project path to: C:/Users/HP/Desktop/Unity Proyects/Happy-Bubbles
C:/Users/HP/Desktop/Unity Proyects/Happy-Bubbles
Using Asset Import Pipeline V2.
